2026-04-13 15:04:50 | INFO    | ======================================================================
2026-04-13 15:04:50 | INFO    |   TSFM-PDM BENCHMARK PIPELINE
2026-04-13 15:04:50 | INFO    |   Started: 2026-04-13T15:04:50.643756
2026-04-13 15:04:50 | INFO    |   Steps:   [1, 2, 3, 4, 5, 6, 7, 8]
2026-04-13 15:04:50 | INFO    | ======================================================================
2026-04-13 15:04:50 | INFO    | 
2026-04-13 15:04:50 | INFO    | ######################################################################
2026-04-13 15:04:50 | INFO    | #  STEP 1: Download datasets
2026-04-13 15:04:50 | INFO    | ######################################################################
2026-04-13 15:04:50 | INFO    | ============================================================
2026-04-13 15:04:50 | INFO    | STEP 1: Download Datasets
2026-04-13 15:04:50 | INFO    | ============================================================
2026-04-13 15:04:50 | INFO    | Downloading C-MAPSS from Kaggle (behrad3d/nasa-cmaps) ...
2026-04-13 15:04:55 | INFO    | C-MAPSS download complete.
2026-04-13 15:04:55 | INFO    | Trying Kaggle dataset: berkerisen/wind-turbine-scada-dataset
2026-04-13 15:04:57 | INFO    | Wind SCADA download complete.
2026-04-13 15:04:57 | INFO    | Trying Kaggle dataset: rabahba/phm-data-challenge-2010
2026-04-13 15:14:03 | INFO    | ======================================================================
2026-04-13 15:14:03 | INFO    |   TSFM-PDM BENCHMARK PIPELINE
2026-04-13 15:14:03 | INFO    |   Started: 2026-04-13T15:14:03.416178
2026-04-13 15:14:03 | INFO    |   Steps:   [1, 2, 3, 4, 5, 6, 7, 8]
2026-04-13 15:14:03 | INFO    | ======================================================================
2026-04-13 15:14:03 | INFO    | 
2026-04-13 15:14:03 | INFO    | ######################################################################
2026-04-13 15:14:03 | INFO    | #  STEP 1: Download datasets
2026-04-13 15:14:03 | INFO    | ######################################################################
2026-04-13 15:14:03 | INFO    | ============================================================
2026-04-13 15:14:03 | INFO    | STEP 1: Download Datasets
2026-04-13 15:14:03 | INFO    | ============================================================
2026-04-13 15:14:03 | INFO    | C-MAPSS already downloaded.
2026-04-13 15:14:03 | INFO    | Wind SCADA already downloaded: T1.csv
2026-04-13 15:14:03 | INFO    | Trying Kaggle dataset: rabahba/phm-data-challenge-2010
